[2025-11-26T03:49:32.356+0000] {local_task_job_runner.py:120} INFO - ::group::Pre task execution logs
[2025-11-26T03:49:32.400+0000] {taskinstance.py:2076} INFO - Dependencies all met for dep_context=non-requeueable deps ti=<TaskInstance: minio_to_snowflake.download_minio scheduled__2025-11-26T03:48:00+00:00 [queued]>
[2025-11-26T03:49:32.410+0000] {taskinstance.py:2076} INFO - Dependencies all met for dep_context=requeueable deps ti=<TaskInstance: minio_to_snowflake.download_minio scheduled__2025-11-26T03:48:00+00:00 [queued]>
[2025-11-26T03:49:32.411+0000] {taskinstance.py:2306} INFO - Starting attempt 1 of 2
[2025-11-26T03:49:32.425+0000] {taskinstance.py:2330} INFO - Executing <Task(PythonOperator): download_minio> on 2025-11-26 03:48:00+00:00
[2025-11-26T03:49:32.442+0000] {logging_mixin.py:188} WARNING - /home/***/.local/lib/python3.12/site-packages/***/task/task_runner/standard_task_runner.py:62 DeprecationWarning: This process (pid=954) is multi-threaded, use of fork() may lead to deadlocks in the child.
[2025-11-26T03:49:32.440+0000] {standard_task_runner.py:90} INFO - Running: ['***', 'tasks', 'run', 'minio_to_snowflake', 'download_minio', 'scheduled__2025-11-26T03:48:00+00:00', '--job-id', '5', '--raw', '--subdir', 'DAGS_FOLDER/minio_to_snowflake.py', '--cfg-path', '/tmp/tmppdrqrd8y']
[2025-11-26T03:49:32.444+0000] {standard_task_runner.py:64} INFO - Started process 964 to run task
[2025-11-26T03:49:32.445+0000] {standard_task_runner.py:91} INFO - Job 5: Subtask download_minio
[2025-11-26T03:49:32.536+0000] {task_command.py:426} INFO - Running <TaskInstance: minio_to_snowflake.download_minio scheduled__2025-11-26T03:48:00+00:00 [running]> on host 7117a22c6018
[2025-11-26T03:49:32.651+0000] {taskinstance.py:2648} INFO - Exporting env vars: AIRFLOW_CTX_DAG_OWNER='***' AIRFLOW_CTX_DAG_ID='minio_to_snowflake' AIRFLOW_CTX_TASK_ID='download_minio' AIRFLOW_CTX_EXECUTION_DATE='2025-11-26T03:48:00+00:00' AIRFLOW_CTX_TRY_NUMBER='1' AIRFLOW_CTX_DAG_RUN_ID='scheduled__2025-11-26T03:48:00+00:00'
[2025-11-26T03:49:32.654+0000] {taskinstance.py:430} INFO - ::endgroup::
[2025-11-26T03:49:33.012+0000] {logging_mixin.py:188} INFO - Downloaded AAPL/1764127061.json -> /tmp/minio_downloads/1764127061.json
[2025-11-26T03:49:33.020+0000] {logging_mixin.py:188} INFO - Downloaded AAPL/1764127070.json -> /tmp/minio_downloads/1764127070.json
[2025-11-26T03:49:33.029+0000] {logging_mixin.py:188} INFO - Downloaded AAPL/1764127081.json -> /tmp/minio_downloads/1764127081.json
[2025-11-26T03:49:33.040+0000] {logging_mixin.py:188} INFO - Downloaded AAPL/1764127092.json -> /tmp/minio_downloads/1764127092.json
[2025-11-26T03:49:33.050+0000] {logging_mixin.py:188} INFO - Downloaded AAPL/1764127101.json -> /tmp/minio_downloads/1764127101.json
[2025-11-26T03:49:33.057+0000] {logging_mixin.py:188} INFO - Downloaded AAPL/1764127111.json -> /tmp/minio_downloads/1764127111.json
[2025-11-26T03:49:33.066+0000] {logging_mixin.py:188} INFO - Downloaded AAPL/1764127120.json -> /tmp/minio_downloads/1764127120.json
[2025-11-26T03:49:33.074+0000] {logging_mixin.py:188} INFO - Downloaded AAPL/1764127130.json -> /tmp/minio_downloads/1764127130.json
[2025-11-26T03:49:33.083+0000] {logging_mixin.py:188} INFO - Downloaded AAPL/1764127140.json -> /tmp/minio_downloads/1764127140.json
[2025-11-26T03:49:33.092+0000] {logging_mixin.py:188} INFO - Downloaded AAPL/1764127149.json -> /tmp/minio_downloads/1764127149.json
[2025-11-26T03:49:33.103+0000] {logging_mixin.py:188} INFO - Downloaded AAPL/1764127161.json -> /tmp/minio_downloads/1764127161.json
[2025-11-26T03:49:33.112+0000] {logging_mixin.py:188} INFO - Downloaded AAPL/1764127170.json -> /tmp/minio_downloads/1764127170.json
[2025-11-26T03:49:33.121+0000] {logging_mixin.py:188} INFO - Downloaded AAPL/1764127180.json -> /tmp/minio_downloads/1764127180.json
[2025-11-26T03:49:33.132+0000] {logging_mixin.py:188} INFO - Downloaded AAPL/1764127189.json -> /tmp/minio_downloads/1764127189.json
[2025-11-26T03:49:33.142+0000] {logging_mixin.py:188} INFO - Downloaded AAPL/1764127199.json -> /tmp/minio_downloads/1764127199.json
[2025-11-26T03:49:33.152+0000] {logging_mixin.py:188} INFO - Downloaded AAPL/1764127209.json -> /tmp/minio_downloads/1764127209.json
[2025-11-26T03:49:33.161+0000] {logging_mixin.py:188} INFO - Downloaded AAPL/1764127221.json -> /tmp/minio_downloads/1764127221.json
[2025-11-26T03:49:33.170+0000] {logging_mixin.py:188} INFO - Downloaded AAPL/1764127231.json -> /tmp/minio_downloads/1764127231.json
[2025-11-26T03:49:33.179+0000] {logging_mixin.py:188} INFO - Downloaded AAPL/1764127241.json -> /tmp/minio_downloads/1764127241.json
[2025-11-26T03:49:33.188+0000] {logging_mixin.py:188} INFO - Downloaded AAPL/1764127251.json -> /tmp/minio_downloads/1764127251.json
[2025-11-26T03:49:33.197+0000] {logging_mixin.py:188} INFO - Downloaded AAPL/1764127261.json -> /tmp/minio_downloads/1764127261.json
[2025-11-26T03:49:33.207+0000] {logging_mixin.py:188} INFO - Downloaded AAPL/1764127270.json -> /tmp/minio_downloads/1764127270.json
[2025-11-26T03:49:33.218+0000] {logging_mixin.py:188} INFO - Downloaded AAPL/1764127281.json -> /tmp/minio_downloads/1764127281.json
[2025-11-26T03:49:33.227+0000] {logging_mixin.py:188} INFO - Downloaded AAPL/1764127291.json -> /tmp/minio_downloads/1764127291.json
[2025-11-26T03:49:33.237+0000] {logging_mixin.py:188} INFO - Downloaded AAPL/1764127301.json -> /tmp/minio_downloads/1764127301.json
[2025-11-26T03:49:33.248+0000] {logging_mixin.py:188} INFO - Downloaded AAPL/1764127311.json -> /tmp/minio_downloads/1764127311.json
[2025-11-26T03:49:33.257+0000] {logging_mixin.py:188} INFO - Downloaded AAPL/1764127321.json -> /tmp/minio_downloads/1764127321.json
[2025-11-26T03:49:33.268+0000] {logging_mixin.py:188} INFO - Downloaded AAPL/1764127330.json -> /tmp/minio_downloads/1764127330.json
[2025-11-26T03:49:33.277+0000] {logging_mixin.py:188} INFO - Downloaded AAPL/1764127340.json -> /tmp/minio_downloads/1764127340.json
[2025-11-26T03:49:33.286+0000] {logging_mixin.py:188} INFO - Downloaded AAPL/1764127350.json -> /tmp/minio_downloads/1764127350.json
[2025-11-26T03:49:33.296+0000] {logging_mixin.py:188} INFO - Downloaded AMZN/1764127063.json -> /tmp/minio_downloads/1764127063.json
[2025-11-26T03:49:33.305+0000] {logging_mixin.py:188} INFO - Downloaded AMZN/1764127073.json -> /tmp/minio_downloads/1764127073.json
[2025-11-26T03:49:33.318+0000] {logging_mixin.py:188} INFO - Downloaded AMZN/1764127084.json -> /tmp/minio_downloads/1764127084.json
[2025-11-26T03:49:33.329+0000] {logging_mixin.py:188} INFO - Downloaded AMZN/1764127093.json -> /tmp/minio_downloads/1764127093.json
[2025-11-26T03:49:33.339+0000] {logging_mixin.py:188} INFO - Downloaded AMZN/1764127103.json -> /tmp/minio_downloads/1764127103.json
[2025-11-26T03:49:33.349+0000] {logging_mixin.py:188} INFO - Downloaded AMZN/1764127113.json -> /tmp/minio_downloads/1764127113.json
[2025-11-26T03:49:33.360+0000] {logging_mixin.py:188} INFO - Downloaded AMZN/1764127123.json -> /tmp/minio_downloads/1764127123.json
[2025-11-26T03:49:33.373+0000] {logging_mixin.py:188} INFO - Downloaded AMZN/1764127132.json -> /tmp/minio_downloads/1764127132.json
[2025-11-26T03:49:33.383+0000] {logging_mixin.py:188} INFO - Downloaded AMZN/1764127142.json -> /tmp/minio_downloads/1764127142.json
[2025-11-26T03:49:33.392+0000] {logging_mixin.py:188} INFO - Downloaded AMZN/1764127153.json -> /tmp/minio_downloads/1764127153.json
[2025-11-26T03:49:33.403+0000] {logging_mixin.py:188} INFO - Downloaded AMZN/1764127163.json -> /tmp/minio_downloads/1764127163.json
[2025-11-26T03:49:33.419+0000] {logging_mixin.py:188} INFO - Downloaded AMZN/1764127172.json -> /tmp/minio_downloads/1764127172.json
[2025-11-26T03:49:33.429+0000] {logging_mixin.py:188} INFO - Downloaded AMZN/1764127182.json -> /tmp/minio_downloads/1764127182.json
[2025-11-26T03:49:33.441+0000] {logging_mixin.py:188} INFO - Downloaded AMZN/1764127192.json -> /tmp/minio_downloads/1764127192.json
[2025-11-26T03:49:33.451+0000] {logging_mixin.py:188} INFO - Downloaded AMZN/1764127202.json -> /tmp/minio_downloads/1764127202.json
[2025-11-26T03:49:33.460+0000] {logging_mixin.py:188} INFO - Downloaded AMZN/1764127212.json -> /tmp/minio_downloads/1764127212.json
[2025-11-26T03:49:33.470+0000] {logging_mixin.py:188} INFO - Downloaded AMZN/1764127223.json -> /tmp/minio_downloads/1764127223.json
[2025-11-26T03:49:33.480+0000] {logging_mixin.py:188} INFO - Downloaded AMZN/1764127233.json -> /tmp/minio_downloads/1764127233.json
[2025-11-26T03:49:33.488+0000] {logging_mixin.py:188} INFO - Downloaded AMZN/1764127243.json -> /tmp/minio_downloads/1764127243.json
[2025-11-26T03:49:33.497+0000] {logging_mixin.py:188} INFO - Downloaded AMZN/1764127253.json -> /tmp/minio_downloads/1764127253.json
[2025-11-26T03:49:33.506+0000] {logging_mixin.py:188} INFO - Downloaded AMZN/1764127263.json -> /tmp/minio_downloads/1764127263.json
[2025-11-26T03:49:33.516+0000] {logging_mixin.py:188} INFO - Downloaded AMZN/1764127273.json -> /tmp/minio_downloads/1764127273.json
[2025-11-26T03:49:33.530+0000] {logging_mixin.py:188} INFO - Downloaded AMZN/1764127284.json -> /tmp/minio_downloads/1764127284.json
[2025-11-26T03:49:33.543+0000] {logging_mixin.py:188} INFO - Downloaded AMZN/1764127294.json -> /tmp/minio_downloads/1764127294.json
[2025-11-26T03:49:33.553+0000] {logging_mixin.py:188} INFO - Downloaded AMZN/1764127304.json -> /tmp/minio_downloads/1764127304.json
[2025-11-26T03:49:33.563+0000] {logging_mixin.py:188} INFO - Downloaded AMZN/1764127313.json -> /tmp/minio_downloads/1764127313.json
[2025-11-26T03:49:33.573+0000] {logging_mixin.py:188} INFO - Downloaded AMZN/1764127323.json -> /tmp/minio_downloads/1764127323.json
[2025-11-26T03:49:33.583+0000] {logging_mixin.py:188} INFO - Downloaded AMZN/1764127333.json -> /tmp/minio_downloads/1764127333.json
[2025-11-26T03:49:33.596+0000] {logging_mixin.py:188} INFO - Downloaded AMZN/1764127343.json -> /tmp/minio_downloads/1764127343.json
[2025-11-26T03:49:33.607+0000] {logging_mixin.py:188} INFO - Downloaded AMZN/1764127352.json -> /tmp/minio_downloads/1764127352.json
[2025-11-26T03:49:33.619+0000] {logging_mixin.py:188} INFO - Downloaded GOOGL/1764127062.json -> /tmp/minio_downloads/1764127062.json
[2025-11-26T03:49:33.630+0000] {logging_mixin.py:188} INFO - Downloaded GOOGL/1764127072.json -> /tmp/minio_downloads/1764127072.json
[2025-11-26T03:49:33.639+0000] {logging_mixin.py:188} INFO - Downloaded GOOGL/1764127083.json -> /tmp/minio_downloads/1764127083.json
[2025-11-26T03:49:33.648+0000] {logging_mixin.py:188} INFO - Downloaded GOOGL/1764127093.json -> /tmp/minio_downloads/1764127093.json
[2025-11-26T03:49:33.656+0000] {logging_mixin.py:188} INFO - Downloaded GOOGL/1764127102.json -> /tmp/minio_downloads/1764127102.json
[2025-11-26T03:49:33.668+0000] {logging_mixin.py:188} INFO - Downloaded GOOGL/1764127112.json -> /tmp/minio_downloads/1764127112.json
[2025-11-26T03:49:33.681+0000] {logging_mixin.py:188} INFO - Downloaded GOOGL/1764127122.json -> /tmp/minio_downloads/1764127122.json
[2025-11-26T03:49:33.694+0000] {logging_mixin.py:188} INFO - Downloaded GOOGL/1764127132.json -> /tmp/minio_downloads/1764127132.json
[2025-11-26T03:49:33.714+0000] {logging_mixin.py:188} INFO - Downloaded GOOGL/1764127141.json -> /tmp/minio_downloads/1764127141.json
[2025-11-26T03:49:33.730+0000] {logging_mixin.py:188} INFO - Downloaded GOOGL/1764127152.json -> /tmp/minio_downloads/1764127152.json
[2025-11-26T03:49:33.750+0000] {logging_mixin.py:188} INFO - Downloaded GOOGL/1764127162.json -> /tmp/minio_downloads/1764127162.json
[2025-11-26T03:49:33.766+0000] {logging_mixin.py:188} INFO - Downloaded GOOGL/1764127172.json -> /tmp/minio_downloads/1764127172.json
[2025-11-26T03:49:33.780+0000] {logging_mixin.py:188} INFO - Downloaded GOOGL/1764127181.json -> /tmp/minio_downloads/1764127181.json
[2025-11-26T03:49:33.793+0000] {logging_mixin.py:188} INFO - Downloaded GOOGL/1764127191.json -> /tmp/minio_downloads/1764127191.json
[2025-11-26T03:49:33.808+0000] {logging_mixin.py:188} INFO - Downloaded GOOGL/1764127201.json -> /tmp/minio_downloads/1764127201.json
[2025-11-26T03:49:33.825+0000] {logging_mixin.py:188} INFO - Downloaded GOOGL/1764127211.json -> /tmp/minio_downloads/1764127211.json
[2025-11-26T03:49:33.845+0000] {logging_mixin.py:188} INFO - Downloaded GOOGL/1764127222.json -> /tmp/minio_downloads/1764127222.json
[2025-11-26T03:49:33.862+0000] {logging_mixin.py:188} INFO - Downloaded GOOGL/1764127232.json -> /tmp/minio_downloads/1764127232.json
[2025-11-26T03:49:33.878+0000] {logging_mixin.py:188} INFO - Downloaded GOOGL/1764127243.json -> /tmp/minio_downloads/1764127243.json
[2025-11-26T03:49:33.893+0000] {logging_mixin.py:188} INFO - Downloaded GOOGL/1764127252.json -> /tmp/minio_downloads/1764127252.json
[2025-11-26T03:49:33.907+0000] {logging_mixin.py:188} INFO - Downloaded GOOGL/1764127262.json -> /tmp/minio_downloads/1764127262.json
[2025-11-26T03:49:33.927+0000] {logging_mixin.py:188} INFO - Downloaded GOOGL/1764127272.json -> /tmp/minio_downloads/1764127272.json
[2025-11-26T03:49:33.943+0000] {logging_mixin.py:188} INFO - Downloaded GOOGL/1764127283.json -> /tmp/minio_downloads/1764127283.json
[2025-11-26T03:49:33.959+0000] {logging_mixin.py:188} INFO - Downloaded GOOGL/1764127293.json -> /tmp/minio_downloads/1764127293.json
[2025-11-26T03:49:33.980+0000] {logging_mixin.py:188} INFO - Downloaded GOOGL/1764127303.json -> /tmp/minio_downloads/1764127303.json
[2025-11-26T03:49:33.996+0000] {logging_mixin.py:188} INFO - Downloaded GOOGL/1764127313.json -> /tmp/minio_downloads/1764127313.json
[2025-11-26T03:49:34.016+0000] {logging_mixin.py:188} INFO - Downloaded GOOGL/1764127322.json -> /tmp/minio_downloads/1764127322.json
[2025-11-26T03:49:34.039+0000] {logging_mixin.py:188} INFO - Downloaded GOOGL/1764127332.json -> /tmp/minio_downloads/1764127332.json
[2025-11-26T03:49:34.059+0000] {logging_mixin.py:188} INFO - Downloaded GOOGL/1764127342.json -> /tmp/minio_downloads/1764127342.json
[2025-11-26T03:49:34.080+0000] {logging_mixin.py:188} INFO - Downloaded GOOGL/1764127351.json -> /tmp/minio_downloads/1764127351.json
[2025-11-26T03:49:34.104+0000] {logging_mixin.py:188} INFO - Downloaded MSFT/1764127062.json -> /tmp/minio_downloads/1764127062.json
[2025-11-26T03:49:34.124+0000] {logging_mixin.py:188} INFO - Downloaded MSFT/1764127071.json -> /tmp/minio_downloads/1764127071.json
[2025-11-26T03:49:34.142+0000] {logging_mixin.py:188} INFO - Downloaded MSFT/1764127082.json -> /tmp/minio_downloads/1764127082.json
[2025-11-26T03:49:34.158+0000] {logging_mixin.py:188} INFO - Downloaded MSFT/1764127092.json -> /tmp/minio_downloads/1764127092.json
[2025-11-26T03:49:34.174+0000] {logging_mixin.py:188} INFO - Downloaded MSFT/1764127102.json -> /tmp/minio_downloads/1764127102.json
[2025-11-26T03:49:34.189+0000] {logging_mixin.py:188} INFO - Downloaded MSFT/1764127111.json -> /tmp/minio_downloads/1764127111.json
[2025-11-26T03:49:34.205+0000] {logging_mixin.py:188} INFO - Downloaded MSFT/1764127121.json -> /tmp/minio_downloads/1764127121.json
[2025-11-26T03:49:34.222+0000] {logging_mixin.py:188} INFO - Downloaded MSFT/1764127131.json -> /tmp/minio_downloads/1764127131.json
[2025-11-26T03:49:34.240+0000] {logging_mixin.py:188} INFO - Downloaded MSFT/1764127140.json -> /tmp/minio_downloads/1764127140.json
[2025-11-26T03:49:34.256+0000] {logging_mixin.py:188} INFO - Downloaded MSFT/1764127151.json -> /tmp/minio_downloads/1764127151.json
[2025-11-26T03:49:34.271+0000] {logging_mixin.py:188} INFO - Downloaded MSFT/1764127161.json -> /tmp/minio_downloads/1764127161.json
[2025-11-26T03:49:34.288+0000] {logging_mixin.py:188} INFO - Downloaded MSFT/1764127171.json -> /tmp/minio_downloads/1764127171.json
[2025-11-26T03:49:34.307+0000] {logging_mixin.py:188} INFO - Downloaded MSFT/1764127180.json -> /tmp/minio_downloads/1764127180.json
[2025-11-26T03:49:34.323+0000] {logging_mixin.py:188} INFO - Downloaded MSFT/1764127190.json -> /tmp/minio_downloads/1764127190.json
[2025-11-26T03:49:34.341+0000] {logging_mixin.py:188} INFO - Downloaded MSFT/1764127200.json -> /tmp/minio_downloads/1764127200.json
[2025-11-26T03:49:34.359+0000] {logging_mixin.py:188} INFO - Downloaded MSFT/1764127210.json -> /tmp/minio_downloads/1764127210.json
[2025-11-26T03:49:34.374+0000] {logging_mixin.py:188} INFO - Downloaded MSFT/1764127221.json -> /tmp/minio_downloads/1764127221.json
[2025-11-26T03:49:34.390+0000] {logging_mixin.py:188} INFO - Downloaded MSFT/1764127232.json -> /tmp/minio_downloads/1764127232.json
[2025-11-26T03:49:34.405+0000] {logging_mixin.py:188} INFO - Downloaded MSFT/1764127242.json -> /tmp/minio_downloads/1764127242.json
[2025-11-26T03:49:34.421+0000] {logging_mixin.py:188} INFO - Downloaded MSFT/1764127251.json -> /tmp/minio_downloads/1764127251.json
[2025-11-26T03:49:34.437+0000] {logging_mixin.py:188} INFO - Downloaded MSFT/1764127261.json -> /tmp/minio_downloads/1764127261.json
[2025-11-26T03:49:34.451+0000] {logging_mixin.py:188} INFO - Downloaded MSFT/1764127271.json -> /tmp/minio_downloads/1764127271.json
[2025-11-26T03:49:34.468+0000] {logging_mixin.py:188} INFO - Downloaded MSFT/1764127282.json -> /tmp/minio_downloads/1764127282.json
[2025-11-26T03:49:34.483+0000] {logging_mixin.py:188} INFO - Downloaded MSFT/1764127292.json -> /tmp/minio_downloads/1764127292.json
[2025-11-26T03:49:34.496+0000] {logging_mixin.py:188} INFO - Downloaded MSFT/1764127302.json -> /tmp/minio_downloads/1764127302.json
[2025-11-26T03:49:34.513+0000] {logging_mixin.py:188} INFO - Downloaded MSFT/1764127312.json -> /tmp/minio_downloads/1764127312.json
[2025-11-26T03:49:34.527+0000] {logging_mixin.py:188} INFO - Downloaded MSFT/1764127322.json -> /tmp/minio_downloads/1764127322.json
[2025-11-26T03:49:34.546+0000] {logging_mixin.py:188} INFO - Downloaded MSFT/1764127331.json -> /tmp/minio_downloads/1764127331.json
[2025-11-26T03:49:34.562+0000] {logging_mixin.py:188} INFO - Downloaded MSFT/1764127341.json -> /tmp/minio_downloads/1764127341.json
[2025-11-26T03:49:34.577+0000] {logging_mixin.py:188} INFO - Downloaded MSFT/1764127350.json -> /tmp/minio_downloads/1764127350.json
[2025-11-26T03:49:34.594+0000] {logging_mixin.py:188} INFO - Downloaded TSLA/1764127064.json -> /tmp/minio_downloads/1764127064.json
[2025-11-26T03:49:34.611+0000] {logging_mixin.py:188} INFO - Downloaded TSLA/1764127074.json -> /tmp/minio_downloads/1764127074.json
[2025-11-26T03:49:34.629+0000] {logging_mixin.py:188} INFO - Downloaded TSLA/1764127085.json -> /tmp/minio_downloads/1764127085.json
[2025-11-26T03:49:34.645+0000] {logging_mixin.py:188} INFO - Downloaded TSLA/1764127094.json -> /tmp/minio_downloads/1764127094.json
[2025-11-26T03:49:34.659+0000] {logging_mixin.py:188} INFO - Downloaded TSLA/1764127104.json -> /tmp/minio_downloads/1764127104.json
[2025-11-26T03:49:34.677+0000] {logging_mixin.py:188} INFO - Downloaded TSLA/1764127113.json -> /tmp/minio_downloads/1764127113.json
[2025-11-26T03:49:34.692+0000] {logging_mixin.py:188} INFO - Downloaded TSLA/1764127124.json -> /tmp/minio_downloads/1764127124.json
[2025-11-26T03:49:34.706+0000] {logging_mixin.py:188} INFO - Downloaded TSLA/1764127133.json -> /tmp/minio_downloads/1764127133.json
[2025-11-26T03:49:34.721+0000] {logging_mixin.py:188} INFO - Downloaded TSLA/1764127143.json -> /tmp/minio_downloads/1764127143.json
[2025-11-26T03:49:34.734+0000] {logging_mixin.py:188} INFO - Downloaded TSLA/1764127154.json -> /tmp/minio_downloads/1764127154.json
[2025-11-26T03:49:34.749+0000] {logging_mixin.py:188} INFO - Downloaded TSLA/1764127163.json -> /tmp/minio_downloads/1764127163.json
[2025-11-26T03:49:34.764+0000] {logging_mixin.py:188} INFO - Downloaded TSLA/1764127173.json -> /tmp/minio_downloads/1764127173.json
[2025-11-26T03:49:34.779+0000] {logging_mixin.py:188} INFO - Downloaded TSLA/1764127183.json -> /tmp/minio_downloads/1764127183.json
[2025-11-26T03:49:34.794+0000] {logging_mixin.py:188} INFO - Downloaded TSLA/1764127193.json -> /tmp/minio_downloads/1764127193.json
[2025-11-26T03:49:34.812+0000] {logging_mixin.py:188} INFO - Downloaded TSLA/1764127203.json -> /tmp/minio_downloads/1764127203.json
[2025-11-26T03:49:34.829+0000] {logging_mixin.py:188} INFO - Downloaded TSLA/1764127213.json -> /tmp/minio_downloads/1764127213.json
[2025-11-26T03:49:34.845+0000] {logging_mixin.py:188} INFO - Downloaded TSLA/1764127224.json -> /tmp/minio_downloads/1764127224.json
[2025-11-26T03:49:34.862+0000] {logging_mixin.py:188} INFO - Downloaded TSLA/1764127234.json -> /tmp/minio_downloads/1764127234.json
[2025-11-26T03:49:34.879+0000] {logging_mixin.py:188} INFO - Downloaded TSLA/1764127244.json -> /tmp/minio_downloads/1764127244.json
[2025-11-26T03:49:34.895+0000] {logging_mixin.py:188} INFO - Downloaded TSLA/1764127254.json -> /tmp/minio_downloads/1764127254.json
[2025-11-26T03:49:34.911+0000] {logging_mixin.py:188} INFO - Downloaded TSLA/1764127263.json -> /tmp/minio_downloads/1764127263.json
[2025-11-26T03:49:34.928+0000] {logging_mixin.py:188} INFO - Downloaded TSLA/1764127274.json -> /tmp/minio_downloads/1764127274.json
[2025-11-26T03:49:34.945+0000] {logging_mixin.py:188} INFO - Downloaded TSLA/1764127284.json -> /tmp/minio_downloads/1764127284.json
[2025-11-26T03:49:34.958+0000] {logging_mixin.py:188} INFO - Downloaded TSLA/1764127294.json -> /tmp/minio_downloads/1764127294.json
[2025-11-26T03:49:34.972+0000] {logging_mixin.py:188} INFO - Downloaded TSLA/1764127305.json -> /tmp/minio_downloads/1764127305.json
[2025-11-26T03:49:34.985+0000] {logging_mixin.py:188} INFO - Downloaded TSLA/1764127314.json -> /tmp/minio_downloads/1764127314.json
[2025-11-26T03:49:34.995+0000] {logging_mixin.py:188} INFO - Downloaded TSLA/1764127324.json -> /tmp/minio_downloads/1764127324.json
[2025-11-26T03:49:35.010+0000] {logging_mixin.py:188} INFO - Downloaded TSLA/1764127333.json -> /tmp/minio_downloads/1764127333.json
[2025-11-26T03:49:35.024+0000] {logging_mixin.py:188} INFO - Downloaded TSLA/1764127343.json -> /tmp/minio_downloads/1764127343.json
[2025-11-26T03:49:35.038+0000] {logging_mixin.py:188} INFO - Downloaded TSLA/1764127353.json -> /tmp/minio_downloads/1764127353.json
[2025-11-26T03:49:35.040+0000] {python.py:237} INFO - Done. Returned value was: ['/tmp/minio_downloads/1764127061.json', '/tmp/minio_downloads/1764127070.json', '/tmp/minio_downloads/1764127081.json', '/tmp/minio_downloads/1764127092.json', '/tmp/minio_downloads/1764127101.json', '/tmp/minio_downloads/1764127111.json', '/tmp/minio_downloads/1764127120.json', '/tmp/minio_downloads/1764127130.json', '/tmp/minio_downloads/1764127140.json', '/tmp/minio_downloads/1764127149.json', '/tmp/minio_downloads/1764127161.json', '/tmp/minio_downloads/1764127170.json', '/tmp/minio_downloads/1764127180.json', '/tmp/minio_downloads/1764127189.json', '/tmp/minio_downloads/1764127199.json', '/tmp/minio_downloads/1764127209.json', '/tmp/minio_downloads/1764127221.json', '/tmp/minio_downloads/1764127231.json', '/tmp/minio_downloads/1764127241.json', '/tmp/minio_downloads/1764127251.json', '/tmp/minio_downloads/1764127261.json', '/tmp/minio_downloads/1764127270.json', '/tmp/minio_downloads/1764127281.json', '/tmp/minio_downloads/1764127291.json', '/tmp/minio_downloads/1764127301.json', '/tmp/minio_downloads/1764127311.json', '/tmp/minio_downloads/1764127321.json', '/tmp/minio_downloads/1764127330.json', '/tmp/minio_downloads/1764127340.json', '/tmp/minio_downloads/1764127350.json', '/tmp/minio_downloads/1764127063.json', '/tmp/minio_downloads/1764127073.json', '/tmp/minio_downloads/1764127084.json', '/tmp/minio_downloads/1764127093.json', '/tmp/minio_downloads/1764127103.json', '/tmp/minio_downloads/1764127113.json', '/tmp/minio_downloads/1764127123.json', '/tmp/minio_downloads/1764127132.json', '/tmp/minio_downloads/1764127142.json', '/tmp/minio_downloads/1764127153.json', '/tmp/minio_downloads/1764127163.json', '/tmp/minio_downloads/1764127172.json', '/tmp/minio_downloads/1764127182.json', '/tmp/minio_downloads/1764127192.json', '/tmp/minio_downloads/1764127202.json', '/tmp/minio_downloads/1764127212.json', '/tmp/minio_downloads/1764127223.json', '/tmp/minio_downloads/1764127233.json', '/tmp/minio_downloads/1764127243.json', '/tmp/minio_downloads/1764127253.json', '/tmp/minio_downloads/1764127263.json', '/tmp/minio_downloads/1764127273.json', '/tmp/minio_downloads/1764127284.json', '/tmp/minio_downloads/1764127294.json', '/tmp/minio_downloads/1764127304.json', '/tmp/minio_downloads/1764127313.json', '/tmp/minio_downloads/1764127323.json', '/tmp/minio_downloads/1764127333.json', '/tmp/minio_downloads/1764127343.json', '/tmp/minio_downloads/1764127352.json', '/tmp/minio_downloads/1764127062.json', '/tmp/minio_downloads/1764127072.json', '/tmp/minio_downloads/1764127083.json', '/tmp/minio_downloads/1764127093.json', '/tmp/minio_downloads/1764127102.json', '/tmp/minio_downloads/1764127112.json', '/tmp/minio_downloads/1764127122.json', '/tmp/minio_downloads/1764127132.json', '/tmp/minio_downloads/1764127141.json', '/tmp/minio_downloads/1764127152.json', '/tmp/minio_downloads/1764127162.json', '/tmp/minio_downloads/1764127172.json', '/tmp/minio_downloads/1764127181.json', '/tmp/minio_downloads/1764127191.json', '/tmp/minio_downloads/1764127201.json', '/tmp/minio_downloads/1764127211.json', '/tmp/minio_downloads/1764127222.json', '/tmp/minio_downloads/1764127232.json', '/tmp/minio_downloads/1764127243.json', '/tmp/minio_downloads/1764127252.json', '/tmp/minio_downloads/1764127262.json', '/tmp/minio_downloads/1764127272.json', '/tmp/minio_downloads/1764127283.json', '/tmp/minio_downloads/1764127293.json', '/tmp/minio_downloads/1764127303.json', '/tmp/minio_downloads/1764127313.json', '/tmp/minio_downloads/1764127322.json', '/tmp/minio_downloads/1764127332.json', '/tmp/minio_downloads/1764127342.json', '/tmp/minio_downloads/1764127351.json', '/tmp/minio_downloads/1764127062.json', '/tmp/minio_downloads/1764127071.json', '/tmp/minio_downloads/1764127082.json', '/tmp/minio_downloads/1764127092.json', '/tmp/minio_downloads/1764127102.json', '/tmp/minio_downloads/1764127111.json', '/tmp/minio_downloads/1764127121.json', '/tmp/minio_downloads/1764127131.json', '/tmp/minio_downloads/1764127140.json', '/tmp/minio_downloads/1764127151.json', '/tmp/minio_downloads/1764127161.json', '/tmp/minio_downloads/1764127171.json', '/tmp/minio_downloads/1764127180.json', '/tmp/minio_downloads/1764127190.json', '/tmp/minio_downloads/1764127200.json', '/tmp/minio_downloads/1764127210.json', '/tmp/minio_downloads/1764127221.json', '/tmp/minio_downloads/1764127232.json', '/tmp/minio_downloads/1764127242.json', '/tmp/minio_downloads/1764127251.json', '/tmp/minio_downloads/1764127261.json', '/tmp/minio_downloads/1764127271.json', '/tmp/minio_downloads/1764127282.json', '/tmp/minio_downloads/1764127292.json', '/tmp/minio_downloads/1764127302.json', '/tmp/minio_downloads/1764127312.json', '/tmp/minio_downloads/1764127322.json', '/tmp/minio_downloads/1764127331.json', '/tmp/minio_downloads/1764127341.json', '/tmp/minio_downloads/1764127350.json', '/tmp/minio_downloads/1764127064.json', '/tmp/minio_downloads/1764127074.json', '/tmp/minio_downloads/1764127085.json', '/tmp/minio_downloads/1764127094.json', '/tmp/minio_downloads/1764127104.json', '/tmp/minio_downloads/1764127113.json', '/tmp/minio_downloads/1764127124.json', '/tmp/minio_downloads/1764127133.json', '/tmp/minio_downloads/1764127143.json', '/tmp/minio_downloads/1764127154.json', '/tmp/minio_downloads/1764127163.json', '/tmp/minio_downloads/1764127173.json', '/tmp/minio_downloads/1764127183.json', '/tmp/minio_downloads/1764127193.json', '/tmp/minio_downloads/1764127203.json', '/tmp/minio_downloads/1764127213.json', '/tmp/minio_downloads/1764127224.json', '/tmp/minio_downloads/1764127234.json', '/tmp/minio_downloads/1764127244.json', '/tmp/minio_downloads/1764127254.json', '/tmp/minio_downloads/1764127263.json', '/tmp/minio_downloads/1764127274.json', '/tmp/minio_downloads/1764127284.json', '/tmp/minio_downloads/1764127294.json', '/tmp/minio_downloads/1764127305.json', '/tmp/minio_downloads/1764127314.json', '/tmp/minio_downloads/1764127324.json', '/tmp/minio_downloads/1764127333.json', '/tmp/minio_downloads/1764127343.json', '/tmp/minio_downloads/1764127353.json']
[2025-11-26T03:49:35.042+0000] {taskinstance.py:441} INFO - ::group::Post task execution logs
[2025-11-26T03:49:35.136+0000] {taskinstance.py:1206} INFO - Marking task as SUCCESS. dag_id=minio_to_snowflake, task_id=download_minio, run_id=scheduled__2025-11-26T03:48:00+00:00, execution_date=20251126T034800, start_date=20251126T034932, end_date=20251126T034935
[2025-11-26T03:49:35.191+0000] {local_task_job_runner.py:243} INFO - Task exited with return code 0
[2025-11-26T03:49:35.237+0000] {taskinstance.py:3503} INFO - 1 downstream tasks scheduled from follow-on schedule check
[2025-11-26T03:49:35.240+0000] {local_task_job_runner.py:222} INFO - ::endgroup::
